<?xml version="1.0" encoding="UTF-8"?>
<testng-results skipped="0" failed="0" ignored="0" total="1" passed="1">
  <reporter-output>
  </reporter-output>
  <suite name="Default suite" duration-ms="23949" started-at="2019-06-15T19:13:07Z" finished-at="2019-06-15T19:13:31Z">
    <groups>
    </groups>
    <test name="Default test" duration-ms="23949" started-at="2019-06-15T19:13:07Z" finished-at="2019-06-15T19:13:31Z">
      <class name="SeleniumProject.Practice.NewTest">
        <test-method status="PASS" signature="beforeTest()[pri:0, instance:SeleniumProject.Practice.NewTest@77caeb3e]" name="beforeTest" is-config="true" duration-ms="6047" started-at="2019-06-15T19:13:07Z" finished-at="2019-06-15T19:13:13Z">
          <reporter-output>
          </reporter-output>
        </test-method> <!-- beforeTest -->
        <test-method status="PASS" signature="testEasy()[pri:0, instance:SeleniumProject.Practice.NewTest@77caeb3e]" name="testEasy" duration-ms="17864" started-at="2019-06-15T19:13:13Z" finished-at="2019-06-15T19:13:31Z">
          <reporter-output>
          </reporter-output>
        </test-method> <!-- testEasy -->
        <test-method status="PASS" signature="afterTest()[pri:0, instance:SeleniumProject.Practice.NewTest@77caeb3e]" name="afterTest" is-config="true" duration-ms="4" started-at="2019-06-15T19:13:31Z" finished-at="2019-06-15T19:13:31Z">
          <reporter-output>
          </reporter-output>
        </test-method> <!-- afterTest -->
      </class> <!-- SeleniumProject.Practice.NewTest -->
    </test> <!-- Default test -->
  </suite> <!-- Default suite -->
</testng-results>
